{"/home/bphan944/PersonalProjects/chatApp/chat-backend/src/controllers/auth.getUserInfo.ts": {"path":"/home/bphan944/PersonalProjects/chatApp/chat-backend/src/controllers/auth.getUserInfo.ts","statementMap":{"0":{"start":{"line":7,"column":27},"end":{"line":22,"column":1}},"1":{"start":{"line":9,"column":4},"end":{"line":20,"column":5}},"2":{"start":{"line":10,"column":21},"end":{"line":10,"column":57}},"3":{"start":{"line":11,"column":8},"end":{"line":13,"column":9}},"4":{"start":{"line":12,"column":12},"end":{"line":12,"column":75}},"5":{"start":{"line":14,"column":8},"end":{"line":14,"column":52}},"6":{"start":{"line":19,"column":8},"end":{"line":19,"column":76}}},"fnMap":{"0":{"name":"(anonymous_0)","decl":{"start":{"line":7,"column":27},"end":{"line":7,"column":32}},"loc":{"start":{"line":7,"column":65},"end":{"line":22,"column":1}}}},"branchMap":{"0":{"loc":{"start":{"line":11,"column":8},"end":{"line":13,"column":9}},"type":"if","locations":[{"start":{"line":11,"column":8},"end":{"line":13,"column":9}},{"start":{},"end":{}}]}},"s":{"0":3,"1":2,"2":2,"3":2,"4":1,"5":1,"6":0},"f":{"0":2},"b":{"0":[1,1]}}
,"/home/bphan944/PersonalProjects/chatApp/chat-backend/src/controllers/auth.login.ts": {"path":"/home/bphan944/PersonalProjects/chatApp/chat-backend/src/controllers/auth.login.ts","statementMap":{"0":{"start":{"line":11,"column":25},"end":{"line":41,"column":1}},"1":{"start":{"line":14,"column":4},"end":{"line":16,"column":5}},"2":{"start":{"line":15,"column":8},"end":{"line":15,"column":84}},"3":{"start":{"line":17,"column":4},"end":{"line":40,"column":5}},"4":{"start":{"line":20,"column":21},"end":{"line":20,"column":91}},"5":{"start":{"line":21,"column":8},"end":{"line":23,"column":9}},"6":{"start":{"line":22,"column":12},"end":{"line":22,"column":71}},"7":{"start":{"line":26,"column":24},"end":{"line":26,"column":78}},"8":{"start":{"line":27,"column":8},"end":{"line":29,"column":9}},"9":{"start":{"line":28,"column":12},"end":{"line":28,"column":73}},"10":{"start":{"line":32,"column":8},"end":{"line":32,"column":60}},"11":{"start":{"line":34,"column":8},"end":{"line":34,"column":46}},"12":{"start":{"line":38,"column":8},"end":{"line":38,"column":45}},"13":{"start":{"line":39,"column":8},"end":{"line":39,"column":65}}},"fnMap":{"0":{"name":"(anonymous_0)","decl":{"start":{"line":11,"column":25},"end":{"line":11,"column":30}},"loc":{"start":{"line":11,"column":82},"end":{"line":41,"column":1}}}},"branchMap":{"0":{"loc":{"start":{"line":14,"column":4},"end":{"line":16,"column":5}},"type":"if","locations":[{"start":{"line":14,"column":4},"end":{"line":16,"column":5}},{"start":{},"end":{}}]},"1":{"loc":{"start":{"line":14,"column":8},"end":{"line":14,"column":45}},"type":"binary-expr","locations":[{"start":{"line":14,"column":8},"end":{"line":14,"column":23}},{"start":{"line":14,"column":27},"end":{"line":14,"column":45}}]},"2":{"loc":{"start":{"line":21,"column":8},"end":{"line":23,"column":9}},"type":"if","locations":[{"start":{"line":21,"column":8},"end":{"line":23,"column":9}},{"start":{},"end":{}}]},"3":{"loc":{"start":{"line":27,"column":8},"end":{"line":29,"column":9}},"type":"if","locations":[{"start":{"line":27,"column":8},"end":{"line":29,"column":9}},{"start":{},"end":{}}]}},"s":{"0":3,"1":6,"2":2,"3":4,"4":4,"5":3,"6":1,"7":2,"8":2,"9":1,"10":1,"11":1,"12":1,"13":1},"f":{"0":6},"b":{"0":[2,4],"1":[6,5],"2":[1,2],"3":[1,1]}}
,"/home/bphan944/PersonalProjects/chatApp/chat-backend/src/controllers/auth.logout.ts": {"path":"/home/bphan944/PersonalProjects/chatApp/chat-backend/src/controllers/auth.logout.ts","statementMap":{"0":{"start":{"line":9,"column":26},"end":{"line":14,"column":1}},"1":{"start":{"line":12,"column":4},"end":{"line":12,"column":27}},"2":{"start":{"line":13,"column":4},"end":{"line":13,"column":72}}},"fnMap":{"0":{"name":"(anonymous_0)","decl":{"start":{"line":9,"column":26},"end":{"line":9,"column":31}},"loc":{"start":{"line":9,"column":65},"end":{"line":14,"column":1}}}},"branchMap":{},"s":{"0":3,"1":1,"2":1},"f":{"0":1},"b":{}}
,"/home/bphan944/PersonalProjects/chatApp/chat-backend/src/controllers/auth.register.ts": {"path":"/home/bphan944/PersonalProjects/chatApp/chat-backend/src/controllers/auth.register.ts","statementMap":{"0":{"start":{"line":9,"column":28},"end":{"line":45,"column":1}},"1":{"start":{"line":14,"column":25},"end":{"line":14,"column":75}},"2":{"start":{"line":15,"column":4},"end":{"line":17,"column":5}},"3":{"start":{"line":16,"column":8},"end":{"line":16,"column":73}},"4":{"start":{"line":18,"column":4},"end":{"line":20,"column":5}},"5":{"start":{"line":19,"column":8},"end":{"line":19,"column":84}},"6":{"start":{"line":22,"column":4},"end":{"line":41,"column":5}},"7":{"start":{"line":23,"column":31},"end":{"line":23,"column":71}},"8":{"start":{"line":24,"column":24},"end":{"line":28,"column":10}},"9":{"start":{"line":31,"column":8},"end":{"line":31,"column":29}},"10":{"start":{"line":33,"column":8},"end":{"line":33,"column":63}},"11":{"start":{"line":36,"column":8},"end":{"line":36,"column":55}},"12":{"start":{"line":38,"column":8},"end":{"line":38,"column":75}},"13":{"start":{"line":39,"column":8},"end":{"line":39,"column":86}}},"fnMap":{"0":{"name":"(anonymous_0)","decl":{"start":{"line":9,"column":28},"end":{"line":9,"column":33}},"loc":{"start":{"line":9,"column":88},"end":{"line":45,"column":1}}}},"branchMap":{"0":{"loc":{"start":{"line":15,"column":4},"end":{"line":17,"column":5}},"type":"if","locations":[{"start":{"line":15,"column":4},"end":{"line":17,"column":5}},{"start":{},"end":{}}]},"1":{"loc":{"start":{"line":18,"column":4},"end":{"line":20,"column":5}},"type":"if","locations":[{"start":{"line":18,"column":4},"end":{"line":20,"column":5}},{"start":{},"end":{}}]},"2":{"loc":{"start":{"line":18,"column":8},"end":{"line":18,"column":45}},"type":"binary-expr","locations":[{"start":{"line":18,"column":8},"end":{"line":18,"column":23}},{"start":{"line":18,"column":27},"end":{"line":18,"column":45}}]}},"s":{"0":3,"1":31,"2":31,"3":1,"4":30,"5":2,"6":28,"7":28,"8":28,"9":28,"10":27,"11":27,"12":1,"13":1},"f":{"0":31},"b":{"0":[1,30],"1":[2,28],"2":[30,29]}}
,"/home/bphan944/PersonalProjects/chatApp/chat-backend/src/controllers/auth.updateProfile.ts": {"path":"/home/bphan944/PersonalProjects/chatApp/chat-backend/src/controllers/auth.updateProfile.ts","statementMap":{"0":{"start":{"line":11,"column":29},"end":{"line":39,"column":1}},"1":{"start":{"line":14,"column":4},"end":{"line":16,"column":5}},"2":{"start":{"line":15,"column":8},"end":{"line":15,"column":76}},"3":{"start":{"line":17,"column":4},"end":{"line":38,"column":5}},"4":{"start":{"line":18,"column":21},"end":{"line":25,"column":null}},"5":{"start":{"line":29,"column":8},"end":{"line":29,"column":83}},"6":{"start":{"line":29,"column":19},"end":{"line":29,"column":83}},"7":{"start":{"line":30,"column":8},"end":{"line":30,"column":52}},"8":{"start":{"line":35,"column":8},"end":{"line":35,"column":53}},"9":{"start":{"line":36,"column":8},"end":{"line":36,"column":81}}},"fnMap":{"0":{"name":"(anonymous_0)","decl":{"start":{"line":11,"column":29},"end":{"line":11,"column":34}},"loc":{"start":{"line":11,"column":94},"end":{"line":39,"column":1}}}},"branchMap":{"0":{"loc":{"start":{"line":14,"column":4},"end":{"line":16,"column":5}},"type":"if","locations":[{"start":{"line":14,"column":4},"end":{"line":16,"column":5}},{"start":{},"end":{}}]},"1":{"loc":{"start":{"line":14,"column":8},"end":{"line":14,"column":49}},"type":"binary-expr","locations":[{"start":{"line":14,"column":8},"end":{"line":14,"column":27}},{"start":{"line":14,"column":31},"end":{"line":14,"column":49}}]},"2":{"loc":{"start":{"line":29,"column":8},"end":{"line":29,"column":83}},"type":"if","locations":[{"start":{"line":29,"column":8},"end":{"line":29,"column":83}},{"start":{},"end":{}}]}},"s":{"0":3,"1":3,"2":1,"3":2,"4":2,"5":2,"6":0,"7":2,"8":0,"9":0},"f":{"0":3},"b":{"0":[1,2],"1":[3,2],"2":[0,2]}}
,"/home/bphan944/PersonalProjects/chatApp/chat-backend/src/controllers/contacts.deleteDmByID.ts": {"path":"/home/bphan944/PersonalProjects/chatApp/chat-backend/src/controllers/contacts.deleteDmByID.ts","statementMap":{"0":{"start":{"line":7,"column":36},"end":{"line":33,"column":1}},"1":{"start":{"line":8,"column":2},"end":{"line":32,"column":3}},"2":{"start":{"line":9,"column":4},"end":{"line":11,"column":5}},"3":{"start":{"line":10,"column":6},"end":{"line":10,"column":68}},"4":{"start":{"line":13,"column":17},"end":{"line":13,"column":32}},"5":{"start":{"line":15,"column":4},"end":{"line":17,"column":5}},"6":{"start":{"line":16,"column":6},"end":{"line":16,"column":74}},"7":{"start":{"line":20,"column":4},"end":{"line":25,"column":14}},"8":{"start":{"line":27,"column":4},"end":{"line":27,"column":72}},"9":{"start":{"line":30,"column":4},"end":{"line":30,"column":45}},"10":{"start":{"line":31,"column":4},"end":{"line":31,"column":74}}},"fnMap":{"0":{"name":"(anonymous_0)","decl":{"start":{"line":7,"column":36},"end":{"line":7,"column":41}},"loc":{"start":{"line":7,"column":74},"end":{"line":33,"column":1}}}},"branchMap":{"0":{"loc":{"start":{"line":9,"column":4},"end":{"line":11,"column":5}},"type":"if","locations":[{"start":{"line":9,"column":4},"end":{"line":11,"column":5}},{"start":{},"end":{}}]},"1":{"loc":{"start":{"line":15,"column":4},"end":{"line":17,"column":5}},"type":"if","locations":[{"start":{"line":15,"column":4},"end":{"line":17,"column":5}},{"start":{},"end":{}}]}},"s":{"0":1,"1":2,"2":2,"3":0,"4":2,"5":2,"6":0,"7":2,"8":1,"9":1,"10":1},"f":{"0":2},"b":{"0":[0,2],"1":[0,2]}}
,"/home/bphan944/PersonalProjects/chatApp/chat-backend/src/controllers/contacts.getContactsByMessages.ts": {"path":"/home/bphan944/PersonalProjects/chatApp/chat-backend/src/controllers/contacts.getContactsByMessages.ts","statementMap":{"0":{"start":{"line":11,"column":42},"end":{"line":67,"column":1}},"1":{"start":{"line":13,"column":4},"end":{"line":64,"column":5}},"2":{"start":{"line":14,"column":8},"end":{"line":16,"column":9}},"3":{"start":{"line":15,"column":12},"end":{"line":15,"column":74}},"4":{"start":{"line":17,"column":25},"end":{"line":22,"column":41}},"5":{"start":{"line":24,"column":27},"end":{"line":24,"column":50}},"6":{"start":{"line":26,"column":8},"end":{"line":36,"column":9}},"7":{"start":{"line":28,"column":30},"end":{"line":30,"column":39}},"8":{"start":{"line":33,"column":12},"end":{"line":35,"column":13}},"9":{"start":{"line":34,"column":16},"end":{"line":34,"column":57}},"10":{"start":{"line":40,"column":27},"end":{"line":40,"column":56}},"11":{"start":{"line":43,"column":22},"end":{"line":43,"column":72}},"12":{"start":{"line":46,"column":25},"end":{"line":59,"column":10}},"13":{"start":{"line":47,"column":25},"end":{"line":47,"column":65}},"14":{"start":{"line":47,"column":41},"end":{"line":47,"column":64}},"15":{"start":{"line":48,"column":12},"end":{"line":48,"column":33}},"16":{"start":{"line":48,"column":23},"end":{"line":48,"column":33}},"17":{"start":{"line":50,"column":12},"end":{"line":58,"column":15}},"18":{"start":{"line":61,"column":8},"end":{"line":61,"column":50}},"19":{"start":{"line":63,"column":8},"end":{"line":63,"column":78}}},"fnMap":{"0":{"name":"(anonymous_0)","decl":{"start":{"line":11,"column":42},"end":{"line":11,"column":47}},"loc":{"start":{"line":11,"column":80},"end":{"line":67,"column":1}}},"1":{"name":"(anonymous_1)","decl":{"start":{"line":46,"column":44},"end":{"line":46,"column":46}},"loc":{"start":{"line":46,"column":49},"end":{"line":59,"column":9}}},"2":{"name":"(anonymous_2)","decl":{"start":{"line":47,"column":36},"end":{"line":47,"column":37}},"loc":{"start":{"line":47,"column":41},"end":{"line":47,"column":64}}}},"branchMap":{"0":{"loc":{"start":{"line":14,"column":8},"end":{"line":16,"column":9}},"type":"if","locations":[{"start":{"line":14,"column":8},"end":{"line":16,"column":9}},{"start":{},"end":{}}]},"1":{"loc":{"start":{"line":28,"column":30},"end":{"line":30,"column":39}},"type":"cond-expr","locations":[{"start":{"line":29,"column":18},"end":{"line":29,"column":42}},{"start":{"line":30,"column":18},"end":{"line":30,"column":39}}]},"2":{"loc":{"start":{"line":33,"column":12},"end":{"line":35,"column":13}},"type":"if","locations":[{"start":{"line":33,"column":12},"end":{"line":35,"column":13}},{"start":{},"end":{}}]},"3":{"loc":{"start":{"line":48,"column":12},"end":{"line":48,"column":33}},"type":"if","locations":[{"start":{"line":48,"column":12},"end":{"line":48,"column":33}},{"start":{},"end":{}}]}},"s":{"0":1,"1":2,"2":2,"3":0,"4":2,"5":2,"6":2,"7":2,"8":2,"9":2,"10":2,"11":2,"12":2,"13":2,"14":3,"15":2,"16":0,"17":2,"18":2,"19":0},"f":{"0":2,"1":2,"2":3},"b":{"0":[0,2],"1":[2,0],"2":[2,0],"3":[0,2]}}
,"/home/bphan944/PersonalProjects/chatApp/chat-backend/src/controllers/contacts.searchForAllUsers.ts": {"path":"/home/bphan944/PersonalProjects/chatApp/chat-backend/src/controllers/contacts.searchForAllUsers.ts","statementMap":{"0":{"start":{"line":6,"column":33},"end":{"line":28,"column":1}},"1":{"start":{"line":11,"column":4},"end":{"line":25,"column":5}},"2":{"start":{"line":12,"column":22},"end":{"line":14,"column":10}},"3":{"start":{"line":16,"column":25},"end":{"line":19,"column":11}},"4":{"start":{"line":16,"column":44},"end":{"line":19,"column":10}},"5":{"start":{"line":20,"column":8},"end":{"line":20,"column":49}},"6":{"start":{"line":24,"column":8},"end":{"line":24,"column":78}}},"fnMap":{"0":{"name":"(anonymous_0)","decl":{"start":{"line":6,"column":33},"end":{"line":6,"column":38}},"loc":{"start":{"line":6,"column":71},"end":{"line":28,"column":1}}},"1":{"name":"(anonymous_1)","decl":{"start":{"line":16,"column":35},"end":{"line":16,"column":39}},"loc":{"start":{"line":16,"column":44},"end":{"line":19,"column":10}}}},"branchMap":{},"s":{"0":1,"1":1,"2":1,"3":1,"4":2,"5":1,"6":0},"f":{"0":1,"1":2},"b":{}}
,"/home/bphan944/PersonalProjects/chatApp/chat-backend/src/controllers/contacts.searchForUsers.ts": {"path":"/home/bphan944/PersonalProjects/chatApp/chat-backend/src/controllers/contacts.searchForUsers.ts","statementMap":{"0":{"start":{"line":10,"column":30},"end":{"line":35,"column":1}},"1":{"start":{"line":12,"column":4},"end":{"line":14,"column":5}},"2":{"start":{"line":13,"column":8},"end":{"line":13,"column":74}},"3":{"start":{"line":16,"column":4},"end":{"line":32,"column":5}},"4":{"start":{"line":17,"column":22},"end":{"line":26,"column":10}},"5":{"start":{"line":27,"column":8},"end":{"line":27,"column":55}},"6":{"start":{"line":31,"column":8},"end":{"line":31,"column":78}}},"fnMap":{"0":{"name":"(anonymous_0)","decl":{"start":{"line":10,"column":30},"end":{"line":10,"column":35}},"loc":{"start":{"line":10,"column":96},"end":{"line":35,"column":1}}}},"branchMap":{"0":{"loc":{"start":{"line":12,"column":4},"end":{"line":14,"column":5}},"type":"if","locations":[{"start":{"line":12,"column":4},"end":{"line":14,"column":5}},{"start":{},"end":{}}]}},"s":{"0":1,"1":2,"2":0,"3":2,"4":2,"5":2,"6":0},"f":{"0":2},"b":{"0":[0,2]}}
,"/home/bphan944/PersonalProjects/chatApp/chat-backend/src/controllers/messages.getMessages.ts": {"path":"/home/bphan944/PersonalProjects/chatApp/chat-backend/src/controllers/messages.getMessages.ts","statementMap":{"0":{"start":{"line":7,"column":27},"end":{"line":35,"column":1}},"1":{"start":{"line":11,"column":2},"end":{"line":34,"column":3}},"2":{"start":{"line":12,"column":4},"end":{"line":14,"column":5}},"3":{"start":{"line":13,"column":6},"end":{"line":13,"column":68}},"4":{"start":{"line":16,"column":24},"end":{"line":16,"column":35}},"5":{"start":{"line":18,"column":4},"end":{"line":20,"column":5}},"6":{"start":{"line":19,"column":6},"end":{"line":19,"column":75}},"7":{"start":{"line":22,"column":21},"end":{"line":27,"column":36}},"8":{"start":{"line":29,"column":4},"end":{"line":29,"column":46}},"9":{"start":{"line":32,"column":4},"end":{"line":32,"column":48}},"10":{"start":{"line":33,"column":4},"end":{"line":33,"column":76}}},"fnMap":{"0":{"name":"(anonymous_0)","decl":{"start":{"line":7,"column":27},"end":{"line":7,"column":32}},"loc":{"start":{"line":10,"column":4},"end":{"line":35,"column":1}}}},"branchMap":{"0":{"loc":{"start":{"line":12,"column":4},"end":{"line":14,"column":5}},"type":"if","locations":[{"start":{"line":12,"column":4},"end":{"line":14,"column":5}},{"start":{},"end":{}}]},"1":{"loc":{"start":{"line":18,"column":4},"end":{"line":20,"column":5}},"type":"if","locations":[{"start":{"line":18,"column":4},"end":{"line":20,"column":5}},{"start":{},"end":{}}]}},"s":{"0":1,"1":3,"2":3,"3":0,"4":3,"5":3,"6":0,"7":3,"8":2,"9":1,"10":1},"f":{"0":3},"b":{"0":[0,3],"1":[0,3]}}
,"/home/bphan944/PersonalProjects/chatApp/chat-backend/src/middleware/auth.middleware.ts": {"path":"/home/bphan944/PersonalProjects/chatApp/chat-backend/src/middleware/auth.middleware.ts","statementMap":{"0":{"start":{"line":9,"column":0},"end":{"line":9,"column":16}},"1":{"start":{"line":11,"column":18},"end":{"line":11,"column":40}},"2":{"start":{"line":13,"column":26},"end":{"line":28,"column":1}},"3":{"start":{"line":15,"column":4},"end":{"line":25,"column":5}},"4":{"start":{"line":16,"column":8},"end":{"line":18,"column":9}},"5":{"start":{"line":17,"column":12},"end":{"line":17,"column":82}},"6":{"start":{"line":19,"column":24},"end":{"line":19,"column":85}},"7":{"start":{"line":20,"column":8},"end":{"line":20,"column":36}},"8":{"start":{"line":22,"column":8},"end":{"line":22,"column":15}},"9":{"start":{"line":24,"column":8},"end":{"line":24,"column":74}}},"fnMap":{"0":{"name":"(anonymous_0)","decl":{"start":{"line":13,"column":26},"end":{"line":13,"column":27}},"loc":{"start":{"line":13,"column":78},"end":{"line":28,"column":1}}}},"branchMap":{"0":{"loc":{"start":{"line":16,"column":8},"end":{"line":18,"column":9}},"type":"if","locations":[{"start":{"line":16,"column":8},"end":{"line":18,"column":9}},{"start":{},"end":{}}]},"1":{"loc":{"start":{"line":16,"column":12},"end":{"line":16,"column":44}},"type":"binary-expr","locations":[{"start":{"line":16,"column":12},"end":{"line":16,"column":24}},{"start":{"line":16,"column":28},"end":{"line":16,"column":44}}]}},"s":{"0":3,"1":3,"2":3,"3":20,"4":20,"5":4,"6":16,"7":16,"8":16,"9":0},"f":{"0":20},"b":{"0":[4,16],"1":[20,20]}}
,"/home/bphan944/PersonalProjects/chatApp/chat-backend/src/models/message.model.ts": {"path":"/home/bphan944/PersonalProjects/chatApp/chat-backend/src/models/message.model.ts","statementMap":{"0":{"start":{"line":17,"column":22},"end":{"line":23,"column":2}},"1":{"start":{"line":25,"column":0},"end":{"line":25,"column":50}},"2":{"start":{"line":26,"column":0},"end":{"line":26,"column":53}},"3":{"start":{"line":29,"column":28},"end":{"line":29,"column":77}}},"fnMap":{},"branchMap":{},"s":{"0":2,"1":2,"2":2,"3":2},"f":{},"b":{}}
,"/home/bphan944/PersonalProjects/chatApp/chat-backend/src/models/user.model.ts": {"path":"/home/bphan944/PersonalProjects/chatApp/chat-backend/src/models/user.model.ts","statementMap":{"0":{"start":{"line":20,"column":19},"end":{"line":29,"column":2}},"1":{"start":{"line":32,"column":0},"end":{"line":36,"column":null}},"2":{"start":{"line":33,"column":16},"end":{"line":33,"column":31}},"3":{"start":{"line":34,"column":4},"end":{"line":34,"column":24}},"4":{"start":{"line":35,"column":4},"end":{"line":35,"column":15}},"5":{"start":{"line":38,"column":25},"end":{"line":38,"column":65}}},"fnMap":{"0":{"name":"(anonymous_0)","decl":{"start":{"line":32,"column":28},"end":{"line":32,"column":null}},"loc":{"start":{"line":32,"column":28},"end":{"line":36,"column":1}}}},"branchMap":{},"s":{"0":3,"1":3,"2":32,"3":32,"4":32,"5":3},"f":{"0":32},"b":{}}
,"/home/bphan944/PersonalProjects/chatApp/chat-backend/src/routes/auth.routes.ts": {"path":"/home/bphan944/PersonalProjects/chatApp/chat-backend/src/routes/auth.routes.ts","statementMap":{"0":{"start":{"line":13,"column":31},"end":{"line":13,"column":47}},"1":{"start":{"line":16,"column":0},"end":{"line":16,"column":37}},"2":{"start":{"line":17,"column":0},"end":{"line":17,"column":33}},"3":{"start":{"line":20,"column":0},"end":{"line":20,"column":47}},"4":{"start":{"line":21,"column":0},"end":{"line":21,"column":58}},"5":{"start":{"line":22,"column":0},"end":{"line":22,"column":49}}},"fnMap":{},"branchMap":{},"s":{"0":3,"1":3,"2":3,"3":3,"4":3,"5":3},"f":{},"b":{}}
,"/home/bphan944/PersonalProjects/chatApp/chat-backend/src/routes/contact.routes.ts": {"path":"/home/bphan944/PersonalProjects/chatApp/chat-backend/src/routes/contact.routes.ts","statementMap":{"0":{"start":{"line":11,"column":31},"end":{"line":11,"column":47}},"1":{"start":{"line":15,"column":0},"end":{"line":15,"column":51}},"2":{"start":{"line":16,"column":0},"end":{"line":16,"column":59}},"3":{"start":{"line":17,"column":0},"end":{"line":17,"column":77}},"4":{"start":{"line":18,"column":0},"end":{"line":18,"column":67}}},"fnMap":{},"branchMap":{},"s":{"0":1,"1":1,"2":1,"3":1,"4":1},"f":{},"b":{}}
,"/home/bphan944/PersonalProjects/chatApp/chat-backend/src/routes/messages.routes.ts": {"path":"/home/bphan944/PersonalProjects/chatApp/chat-backend/src/routes/messages.routes.ts","statementMap":{"0":{"start":{"line":6,"column":31},"end":{"line":6,"column":47}},"1":{"start":{"line":8,"column":0},"end":{"line":8,"column":54}}},"fnMap":{},"branchMap":{},"s":{"0":1,"1":1},"f":{},"b":{}}
,"/home/bphan944/PersonalProjects/chatApp/chat-backend/src/utils/auth.utils.ts": {"path":"/home/bphan944/PersonalProjects/chatApp/chat-backend/src/utils/auth.utils.ts","statementMap":{"0":{"start":{"line":7,"column":0},"end":{"line":7,"column":16}},"1":{"start":{"line":8,"column":15},"end":{"line":8,"column":37}},"2":{"start":{"line":9,"column":16},"end":{"line":9,"column":36}},"3":{"start":{"line":14,"column":41},"end":{"line":30,"column":1}},"4":{"start":{"line":16,"column":18},"end":{"line":19,"column":null}},"5":{"start":{"line":23,"column":4},"end":{"line":28,"column":7}}},"fnMap":{"0":{"name":"(anonymous_0)","decl":{"start":{"line":14,"column":41},"end":{"line":14,"column":42}},"loc":{"start":{"line":14,"column":75},"end":{"line":30,"column":1}}}},"branchMap":{},"s":{"0":3,"1":3,"2":3,"3":3,"4":28,"5":28},"f":{"0":28},"b":{}}
}
