TN:
SF:src/controllers/auth.getUserInfo.ts
FN:7,(anonymous_0)
FNF:1
FNH:1
FNDA:2,(anonymous_0)
DA:7,3
DA:9,2
DA:10,2
DA:11,2
DA:12,1
DA:14,1
DA:19,0
LF:7
LH:6
BRDA:11,0,0,1
BRDA:11,0,1,1
BRF:2
BRH:2
end_of_record
TN:
SF:src/controllers/auth.login.ts
FN:11,(anonymous_0)
FNF:1
FNH:1
FNDA:6,(anonymous_0)
DA:11,3
DA:14,6
DA:15,2
DA:17,4
DA:20,4
DA:21,3
DA:22,1
DA:26,2
DA:27,2
DA:28,1
DA:32,1
DA:34,1
DA:38,1
DA:39,1
LF:14
LH:14
BRDA:14,0,0,2
BRDA:14,0,1,4
BRDA:14,1,0,6
BRDA:14,1,1,5
BRDA:21,2,0,1
BRDA:21,2,1,2
BRDA:27,3,0,1
BRDA:27,3,1,1
BRF:8
BRH:8
end_of_record
TN:
SF:src/controllers/auth.logout.ts
FN:9,(anonymous_0)
FNF:1
FNH:1
FNDA:1,(anonymous_0)
DA:9,3
DA:12,1
DA:13,1
LF:3
LH:3
BRF:0
BRH:0
end_of_record
TN:
SF:src/controllers/auth.register.ts
FN:9,(anonymous_0)
FNF:1
FNH:1
FNDA:31,(anonymous_0)
DA:9,3
DA:14,31
DA:15,31
DA:16,1
DA:18,30
DA:19,2
DA:22,28
DA:23,28
DA:24,28
DA:31,28
DA:33,27
DA:36,27
DA:38,1
DA:39,1
LF:14
LH:14
BRDA:15,0,0,1
BRDA:15,0,1,30
BRDA:18,1,0,2
BRDA:18,1,1,28
BRDA:18,2,0,30
BRDA:18,2,1,29
BRF:6
BRH:6
end_of_record
TN:
SF:src/controllers/auth.updateProfile.ts
FN:11,(anonymous_0)
FNF:1
FNH:1
FNDA:3,(anonymous_0)
DA:11,3
DA:14,3
DA:15,1
DA:17,2
DA:18,2
DA:29,2
DA:30,2
DA:35,0
DA:36,0
LF:9
LH:7
BRDA:14,0,0,1
BRDA:14,0,1,2
BRDA:14,1,0,3
BRDA:14,1,1,2
BRDA:29,2,0,0
BRDA:29,2,1,2
BRF:6
BRH:5
end_of_record
TN:
SF:src/controllers/contacts.deleteDmByID.ts
FN:7,(anonymous_0)
FNF:1
FNH:1
FNDA:2,(anonymous_0)
DA:7,1
DA:8,2
DA:9,2
DA:10,0
DA:13,2
DA:15,2
DA:16,0
DA:20,2
DA:27,1
DA:30,1
DA:31,1
LF:11
LH:9
BRDA:9,0,0,0
BRDA:9,0,1,2
BRDA:15,1,0,0
BRDA:15,1,1,2
BRF:4
BRH:2
end_of_record
TN:
SF:src/controllers/contacts.getContactsByMessages.ts
FN:11,(anonymous_0)
FN:46,(anonymous_1)
FN:47,(anonymous_2)
FNF:3
FNH:3
FNDA:2,(anonymous_0)
FNDA:2,(anonymous_1)
FNDA:3,(anonymous_2)
DA:11,1
DA:13,2
DA:14,2
DA:15,0
DA:17,2
DA:24,2
DA:26,2
DA:28,2
DA:33,2
DA:34,2
DA:40,2
DA:43,2
DA:46,2
DA:47,3
DA:48,2
DA:50,2
DA:61,2
DA:63,0
LF:18
LH:16
BRDA:14,0,0,0
BRDA:14,0,1,2
BRDA:28,1,0,2
BRDA:28,1,1,0
BRDA:33,2,0,2
BRDA:33,2,1,0
BRDA:48,3,0,0
BRDA:48,3,1,2
BRF:8
BRH:4
end_of_record
TN:
SF:src/controllers/contacts.searchForAllUsers.ts
FN:6,(anonymous_0)
FN:16,(anonymous_1)
FNF:2
FNH:2
FNDA:1,(anonymous_0)
FNDA:2,(anonymous_1)
DA:6,1
DA:11,1
DA:12,1
DA:16,2
DA:20,1
DA:24,0
LF:6
LH:5
BRF:0
BRH:0
end_of_record
TN:
SF:src/controllers/contacts.searchForUsers.ts
FN:10,(anonymous_0)
FNF:1
FNH:1
FNDA:2,(anonymous_0)
DA:10,1
DA:12,2
DA:13,0
DA:16,2
DA:17,2
DA:27,2
DA:31,0
LF:7
LH:5
BRDA:12,0,0,0
BRDA:12,0,1,2
BRF:2
BRH:1
end_of_record
TN:
SF:src/controllers/messages.getMessages.ts
FN:7,(anonymous_0)
FNF:1
FNH:1
FNDA:3,(anonymous_0)
DA:7,1
DA:11,3
DA:12,3
DA:13,0
DA:16,3
DA:18,3
DA:19,0
DA:22,3
DA:29,2
DA:32,1
DA:33,1
LF:11
LH:9
BRDA:12,0,0,0
BRDA:12,0,1,3
BRDA:18,1,0,0
BRDA:18,1,1,3
BRF:4
BRH:2
end_of_record
TN:
SF:src/middleware/auth.middleware.ts
FN:13,(anonymous_0)
FNF:1
FNH:1
FNDA:20,(anonymous_0)
DA:9,3
DA:11,3
DA:13,3
DA:15,20
DA:16,20
DA:17,4
DA:19,16
DA:20,16
DA:22,16
DA:24,0
LF:10
LH:9
BRDA:16,0,0,4
BRDA:16,0,1,16
BRDA:16,1,0,20
BRDA:16,1,1,20
BRF:4
BRH:4
end_of_record
TN:
SF:src/models/message.model.ts
FNF:0
FNH:0
DA:17,2
DA:25,2
DA:26,2
DA:29,2
LF:4
LH:4
BRF:0
BRH:0
end_of_record
TN:
SF:src/models/user.model.ts
FN:32,(anonymous_0)
FNF:1
FNH:1
FNDA:32,(anonymous_0)
DA:20,3
DA:32,3
DA:33,32
DA:34,32
DA:35,32
DA:38,3
LF:6
LH:6
BRF:0
BRH:0
end_of_record
TN:
SF:src/routes/auth.routes.ts
FNF:0
FNH:0
DA:13,3
DA:16,3
DA:17,3
DA:20,3
DA:21,3
DA:22,3
LF:6
LH:6
BRF:0
BRH:0
end_of_record
TN:
SF:src/routes/contact.routes.ts
FNF:0
FNH:0
DA:11,1
DA:15,1
DA:16,1
DA:17,1
DA:18,1
LF:5
LH:5
BRF:0
BRH:0
end_of_record
TN:
SF:src/routes/messages.routes.ts
FNF:0
FNH:0
DA:6,1
DA:8,1
LF:2
LH:2
BRF:0
BRH:0
end_of_record
TN:
SF:src/utils/auth.utils.ts
FN:14,(anonymous_0)
FNF:1
FNH:1
FNDA:28,(anonymous_0)
DA:7,3
DA:8,3
DA:9,3
DA:14,3
DA:16,28
DA:23,28
LF:6
LH:6
BRF:0
BRH:0
end_of_record
